<?xml version="1.0" encoding="UTF-8"?>
<testsuite xmlns:xsi="http://www.w3.org/2001/XMLSchema-instance" xsi:noNamespaceSchemaLocation="https://maven.apache.org/surefire/maven-surefire-plugin/xsd/surefire-test-report-3.0.xsd" version="3.0" name="com.example.studentcourse.service.StudentServiceTest" time="2.914" tests="3" errors="0" skipped="0" failures="0">
  <properties>
[...]
</properties>
  <testcase name="testSaveStudent" classname="com.example.studentcourse.service.StudentServiceTest" time="2.811"/>
  <testcase name="testGetAllStudents" classname="com.example.studentcourse.service.StudentServiceTest" time="0.011"/>
  <testcase name="testGetStudentById" classname="com.example.studentcourse.service.StudentServiceTest" time="0.007"/>
</testsuite>